<?xml version="1.0" encoding="UTF-8"?>
<!-- Generated by org.testng.reporters.JUnitReportReporter -->
<testsuite hostname="Kaneshô1924" name="com.github.vitalibo.brickgame.core.JobTest" tests="2" failures="0" timestamp="22 Apr 2024 09:34:12 GMT" time="0.308" errors="0">
  <testcase name="testKill" time="0.120" classname="com.github.vitalibo.brickgame.core.JobTest"/>
  <testcase name="testPause" time="0.188" classname="com.github.vitalibo.brickgame.core.JobTest"/>
</testsuite> <!-- com.github.vitalibo.brickgame.core.JobTest -->
