<?xml version="1.0" encoding="UTF-8"?>
<!-- Generated by org.testng.reporters.JUnitReportReporter -->
<testsuite hostname="Kaneshô1924" name="com.github.vitalibo.brickgame.core.ui.DigitTest" tests="23" failures="0" timestamp="22 Apr 2024 09:34:12 GMT" time="0.435" errors="0">
  <testcase name="testPaintDigit" time="0.001" classname="com.github.vitalibo.brickgame.core.ui.DigitTest"/>
  <testcase name="testPaintDigit" time="0.000" classname="com.github.vitalibo.brickgame.core.ui.DigitTest"/>
  <testcase name="testPaintDigit" time="0.000" classname="com.github.vitalibo.brickgame.core.ui.DigitTest"/>
  <testcase name="testRepaint" time="0.001" classname="com.github.vitalibo.brickgame.core.ui.DigitTest"/>
  <testcase name="testPaintDigit" time="0.381" classname="com.github.vitalibo.brickgame.core.ui.DigitTest"/>
  <testcase name="testRepaint" time="0.000" classname="com.github.vitalibo.brickgame.core.ui.DigitTest"/>
  <testcase name="testRepaint" time="0.000" classname="com.github.vitalibo.brickgame.core.ui.DigitTest"/>
  <testcase name="testPaintDigit" time="0.000" classname="com.github.vitalibo.brickgame.core.ui.DigitTest"/>
  <testcase name="testPaintDigit" time="0.001" classname="com.github.vitalibo.brickgame.core.ui.DigitTest"/>
  <testcase name="testRepaint" time="0.000" classname="com.github.vitalibo.brickgame.core.ui.DigitTest"/>
  <testcase name="testRepaint" time="0.001" classname="com.github.vitalibo.brickgame.core.ui.DigitTest"/>
  <testcase name="testPaintDigit" time="0.000" classname="com.github.vitalibo.brickgame.core.ui.DigitTest"/>
  <testcase name="testRepaint" time="0.001" classname="com.github.vitalibo.brickgame.core.ui.DigitTest"/>
  <testcase name="testPaintDigit" time="0.001" classname="com.github.vitalibo.brickgame.core.ui.DigitTest"/>
  <testcase name="testPaintDigit" time="0.045" classname="com.github.vitalibo.brickgame.core.ui.DigitTest"/>
  <testcase name="testRepaint" time="0.000" classname="com.github.vitalibo.brickgame.core.ui.DigitTest"/>
  <testcase name="testNotRepaint" time="0.000" classname="com.github.vitalibo.brickgame.core.ui.DigitTest"/>
  <testcase name="testSetIllegalValue" time="0.001" classname="com.github.vitalibo.brickgame.core.ui.DigitTest"/>
  <testcase name="testRepaint" time="0.001" classname="com.github.vitalibo.brickgame.core.ui.DigitTest"/>
  <testcase name="testRepaint" time="0.000" classname="com.github.vitalibo.brickgame.core.ui.DigitTest"/>
  <testcase name="testRepaint" time="0.001" classname="com.github.vitalibo.brickgame.core.ui.DigitTest"/>
  <testcase name="testPaintDigit" time="0.000" classname="com.github.vitalibo.brickgame.core.ui.DigitTest"/>
  <testcase name="testSetIllegalValue" time="0.000" classname="com.github.vitalibo.brickgame.core.ui.DigitTest"/>
</testsuite> <!-- com.github.vitalibo.brickgame.core.ui.DigitTest -->
