<?xml version="1.0" encoding="UTF-8"?>
<!-- Generated by org.testng.reporters.JUnitReportReporter -->
<testsuite hostname="Kaneshô1924" name="com.github.vitalibo.brickgame.util.CanvasTranslatorTest" tests="4" failures="0" timestamp="22 Apr 2024 09:34:12 GMT" time="0.003" errors="0">
  <testcase name="testFromStream" time="0.000" classname="com.github.vitalibo.brickgame.util.CanvasTranslatorTest"/>
  <testcase name="testFrom" time="0.001" classname="com.github.vitalibo.brickgame.util.CanvasTranslatorTest"/>
  <testcase name="testFromStream" time="0.000" classname="com.github.vitalibo.brickgame.util.CanvasTranslatorTest"/>
  <testcase name="testFromStream" time="0.002" classname="com.github.vitalibo.brickgame.util.CanvasTranslatorTest"/>
</testsuite> <!-- com.github.vitalibo.brickgame.util.CanvasTranslatorTest -->
