<?xml version="1.0" encoding="UTF-8"?>
<!-- Generated by org.testng.reporters.JUnitReportReporter -->
<testsuite hostname="Kaneshô1924" name="com.github.vitalibo.brickgame.game.race.RoadTest" tests="1" failures="0" timestamp="22 Apr 2024 09:34:12 GMT" time="0.002" errors="0">
  <testcase name="testDown" time="0.002" classname="com.github.vitalibo.brickgame.game.race.RoadTest"/>
</testsuite> <!-- com.github.vitalibo.brickgame.game.race.RoadTest -->
