<?xml version="1.0" encoding="UTF-8"?>
<!-- Generated by org.testng.reporters.JUnitReportReporter -->
<testsuite hostname="Kaneshô1924" name="com.github.vitalibo.brickgame.game.snake.SnakeTest" tests="6" failures="0" timestamp="22 Apr 2024 09:34:12 GMT" time="0.005" errors="0">
  <testcase name="testVerifyPassed" time="0.000" classname="com.github.vitalibo.brickgame.game.snake.SnakeTest"/>
  <testcase name="testVerifyPassed" time="0.000" classname="com.github.vitalibo.brickgame.game.snake.SnakeTest"/>
  <testcase name="testInit" time="0.000" classname="com.github.vitalibo.brickgame.game.snake.SnakeTest"/>
  <testcase name="testEatSelf" time="0.002" classname="com.github.vitalibo.brickgame.game.snake.SnakeTest"/>
  <testcase name="testEatSelf" time="0.002" classname="com.github.vitalibo.brickgame.game.snake.SnakeTest"/>
  <testcase name="testHead" time="0.001" classname="com.github.vitalibo.brickgame.game.snake.SnakeTest"/>
</testsuite> <!-- com.github.vitalibo.brickgame.game.snake.SnakeTest -->
