<?xml version="1.0" encoding="UTF-8"?>
<!-- Generated by org.testng.reporters.JUnitReportReporter -->
<testsuite hostname="Kaneshô1924" name="com.github.vitalibo.brickgame.game.race.CarTest" tests="5" failures="0" timestamp="22 Apr 2024 09:34:12 GMT" time="0.008" errors="0">
  <testcase name="testRight" time="0.001" classname="com.github.vitalibo.brickgame.game.race.CarTest"/>
  <testcase name="testVerifyPassed" time="0.002" classname="com.github.vitalibo.brickgame.game.race.CarTest"/>
  <testcase name="testLeft" time="0.002" classname="com.github.vitalibo.brickgame.game.race.CarTest"/>
  <testcase name="testCarCrashed" time="0.001" classname="com.github.vitalibo.brickgame.game.race.CarTest"/>
  <testcase name="testDown" time="0.002" classname="com.github.vitalibo.brickgame.game.race.CarTest"/>
</testsuite> <!-- com.github.vitalibo.brickgame.game.race.CarTest -->
