<?xml version="1.0" encoding="UTF-8"?>
<!-- Generated by org.testng.reporters.JUnitReportReporter -->
<testsuite hostname="Kaneshô1924" name="com.github.vitalibo.brickgame.game.tanks.DirectionTest" tests="4" failures="0" timestamp="22 Apr 2024 09:34:12 GMT" time="0.000" errors="0">
  <testcase name="testRight" time="0.000" classname="com.github.vitalibo.brickgame.game.tanks.DirectionTest"/>
  <testcase name="testLeft" time="0.000" classname="com.github.vitalibo.brickgame.game.tanks.DirectionTest"/>
  <testcase name="testUp" time="0.000" classname="com.github.vitalibo.brickgame.game.tanks.DirectionTest"/>
  <testcase name="testDown" time="0.000" classname="com.github.vitalibo.brickgame.game.tanks.DirectionTest"/>
</testsuite> <!-- com.github.vitalibo.brickgame.game.tanks.DirectionTest -->
