<?xml version="1.0" encoding="UTF-8"?>
<!-- Generated by org.testng.reporters.JUnitReportReporter -->
<testsuite hostname="Kaneshô1924" name="com.github.vitalibo.brickgame.core.NumberTest" tests="14" failures="0" timestamp="22 Apr 2024 09:34:12 GMT" time="0.017" errors="0">
  <testcase name="testIncStep" time="0.000" classname="com.github.vitalibo.brickgame.core.NumberTest"/>
  <testcase name="testIncStep" time="0.002" classname="com.github.vitalibo.brickgame.core.NumberTest"/>
  <testcase name="testDecStep" time="0.001" classname="com.github.vitalibo.brickgame.core.NumberTest"/>
  <testcase name="testIncStep" time="0.001" classname="com.github.vitalibo.brickgame.core.NumberTest"/>
  <testcase name="testDecStep" time="0.000" classname="com.github.vitalibo.brickgame.core.NumberTest"/>
  <testcase name="testDec" time="0.000" classname="com.github.vitalibo.brickgame.core.NumberTest"/>
  <testcase name="testDec" time="0.004" classname="com.github.vitalibo.brickgame.core.NumberTest"/>
  <testcase name="testInc" time="0.002" classname="com.github.vitalibo.brickgame.core.NumberTest"/>
  <testcase name="testDec" time="0.001" classname="com.github.vitalibo.brickgame.core.NumberTest"/>
  <testcase name="testInc" time="0.001" classname="com.github.vitalibo.brickgame.core.NumberTest"/>
  <testcase name="testIncStep" time="0.003" classname="com.github.vitalibo.brickgame.core.NumberTest"/>
  <testcase name="testDecStep" time="0.001" classname="com.github.vitalibo.brickgame.core.NumberTest"/>
  <testcase name="testInc" time="0.000" classname="com.github.vitalibo.brickgame.core.NumberTest"/>
  <testcase name="testDecStep" time="0.001" classname="com.github.vitalibo.brickgame.core.NumberTest"/>
</testsuite> <!-- com.github.vitalibo.brickgame.core.NumberTest -->
