<?xml version="1.0" encoding="UTF-8"?>
<!-- Generated by org.testng.reporters.JUnitReportReporter -->
<testsuite hostname="Kaneshô1924" name="com.github.vitalibo.brickgame.game.tetris.tetromino.FactoryTest" tests="14" failures="0" timestamp="22 Apr 2024 09:34:12 GMT" time="0.001" errors="0">
  <testcase name="testGenerate" time="0.000" classname="com.github.vitalibo.brickgame.game.tetris.tetromino.FactoryTest"/>
  <testcase name="testGenerate" time="0.000" classname="com.github.vitalibo.brickgame.game.tetris.tetromino.FactoryTest"/>
  <testcase name="testCreate" time="0.000" classname="com.github.vitalibo.brickgame.game.tetris.tetromino.FactoryTest"/>
  <testcase name="testGenerate" time="0.000" classname="com.github.vitalibo.brickgame.game.tetris.tetromino.FactoryTest"/>
  <testcase name="testCreate" time="0.000" classname="com.github.vitalibo.brickgame.game.tetris.tetromino.FactoryTest"/>
  <testcase name="testGenerate" time="0.000" classname="com.github.vitalibo.brickgame.game.tetris.tetromino.FactoryTest"/>
  <testcase name="testCreate" time="0.000" classname="com.github.vitalibo.brickgame.game.tetris.tetromino.FactoryTest"/>
  <testcase name="testCreate" time="0.001" classname="com.github.vitalibo.brickgame.game.tetris.tetromino.FactoryTest"/>
  <testcase name="testCreate" time="0.000" classname="com.github.vitalibo.brickgame.game.tetris.tetromino.FactoryTest"/>
  <testcase name="testGenerate" time="0.000" classname="com.github.vitalibo.brickgame.game.tetris.tetromino.FactoryTest"/>
  <testcase name="testCreate" time="0.000" classname="com.github.vitalibo.brickgame.game.tetris.tetromino.FactoryTest"/>
  <testcase name="testGenerate" time="0.000" classname="com.github.vitalibo.brickgame.game.tetris.tetromino.FactoryTest"/>
  <testcase name="testGenerate" time="0.000" classname="com.github.vitalibo.brickgame.game.tetris.tetromino.FactoryTest"/>
  <testcase name="testCreate" time="0.000" classname="com.github.vitalibo.brickgame.game.tetris.tetromino.FactoryTest"/>
</testsuite> <!-- com.github.vitalibo.brickgame.game.tetris.tetromino.FactoryTest -->
