<?xml version="1.0" encoding="UTF-8"?>
<!-- Generated by org.testng.reporters.JUnitReportReporter -->
<testsuite hostname="Kaneshô1924" name="com.github.vitalibo.brickgame.game.PointTest" tests="14" failures="0" timestamp="22 Apr 2024 09:34:12 GMT" time="0.001" errors="0">
  <testcase name="testVerifyFailed" time="0.000" classname="com.github.vitalibo.brickgame.game.PointTest"/>
  <testcase name="testMoveDown" time="0.000" classname="com.github.vitalibo.brickgame.game.PointTest"/>
  <testcase name="testVerifyPassed" time="0.000" classname="com.github.vitalibo.brickgame.game.PointTest"/>
  <testcase name="testVerifyFailed" time="0.000" classname="com.github.vitalibo.brickgame.game.PointTest"/>
  <testcase name="testVerifyFailed" time="0.000" classname="com.github.vitalibo.brickgame.game.PointTest"/>
  <testcase name="testMoveLeft" time="0.000" classname="com.github.vitalibo.brickgame.game.PointTest"/>
  <testcase name="testVerifyFailed" time="0.000" classname="com.github.vitalibo.brickgame.game.PointTest"/>
  <testcase name="testMoveRight" time="0.000" classname="com.github.vitalibo.brickgame.game.PointTest"/>
  <testcase name="testMoveLeft" time="0.000" classname="com.github.vitalibo.brickgame.game.PointTest"/>
  <testcase name="testVerifyPassed" time="0.000" classname="com.github.vitalibo.brickgame.game.PointTest"/>
  <testcase name="testMoveUp" time="0.000" classname="com.github.vitalibo.brickgame.game.PointTest"/>
  <testcase name="testMoveUp" time="0.001" classname="com.github.vitalibo.brickgame.game.PointTest"/>
  <testcase name="testMoveDown" time="0.000" classname="com.github.vitalibo.brickgame.game.PointTest"/>
  <testcase name="testMoveRight" time="0.000" classname="com.github.vitalibo.brickgame.game.PointTest"/>
</testsuite> <!-- com.github.vitalibo.brickgame.game.PointTest -->
