<?xml version="1.0" encoding="UTF-8"?>
<!-- Generated by org.testng.reporters.JUnitReportReporter -->
<testsuite hostname="Kaneshô1924" name="com.github.vitalibo.brickgame.core.ControllerTest" tests="13" failures="0" timestamp="22 Apr 2024 09:34:12 GMT" time="2.738" errors="0">
  <testcase name="testChangeSound" time="0.004" classname="com.github.vitalibo.brickgame.core.ControllerTest"/>
  <testcase name="testChangePause" time="0.014" classname="com.github.vitalibo.brickgame.core.ControllerTest"/>
  <testcase name="testNotDelegateKeyPressed" time="0.002" classname="com.github.vitalibo.brickgame.core.ControllerTest"/>
  <testcase name="testDelegateKeyPressed" time="0.004" classname="com.github.vitalibo.brickgame.core.ControllerTest"/>
  <testcase name="testDelegateKeyPressed" time="0.003" classname="com.github.vitalibo.brickgame.core.ControllerTest"/>
  <testcase name="testReset" time="0.027" classname="com.github.vitalibo.brickgame.core.ControllerTest"/>
  <testcase name="testDelegateKeyPressed" time="2.676" classname="com.github.vitalibo.brickgame.core.ControllerTest"/>
  <testcase name="testDelegateKeyPressed" time="0.001" classname="com.github.vitalibo.brickgame.core.ControllerTest"/>
  <testcase name="testNotDelegateKeyPressed" time="0.001" classname="com.github.vitalibo.brickgame.core.ControllerTest"/>
  <testcase name="testDelegateKeyPressed" time="0.001" classname="com.github.vitalibo.brickgame.core.ControllerTest"/>
  <testcase name="testNotDelegateKeyPressed" time="0.001" classname="com.github.vitalibo.brickgame.core.ControllerTest"/>
  <testcase name="testNotDelegateKeyPressed" time="0.003" classname="com.github.vitalibo.brickgame.core.ControllerTest"/>
  <testcase name="testNotDelegateKeyPressed" time="0.001" classname="com.github.vitalibo.brickgame.core.ControllerTest"/>
</testsuite> <!-- com.github.vitalibo.brickgame.core.ControllerTest -->
