<?xml version="1.0" encoding="UTF-8"?>
<!-- Generated by org.testng.reporters.JUnitReportReporter -->
<testsuite hostname="Kaneshô1924" name="com.github.vitalibo.brickgame.game.snake.MapTest" tests="25" failures="0" timestamp="22 Apr 2024 09:34:12 GMT" time="0.033" errors="0">
  <testcase name="testVerifyPassed" time="0.002" classname="com.github.vitalibo.brickgame.game.snake.MapTest"/>
  <testcase name="testLoadingMap" time="0.002" classname="com.github.vitalibo.brickgame.game.snake.MapTest"/>
  <testcase name="testCrashOnBorder" time="0.002" classname="com.github.vitalibo.brickgame.game.snake.MapTest"/>
  <testcase name="testLoadingMap" time="0.003" classname="com.github.vitalibo.brickgame.game.snake.MapTest"/>
  <testcase name="testLoadingMap" time="0.002" classname="com.github.vitalibo.brickgame.game.snake.MapTest"/>
  <testcase name="testLoadingMap" time="0.001" classname="com.github.vitalibo.brickgame.game.snake.MapTest"/>
  <testcase name="testUnmodifiableList" time="0.004" classname="com.github.vitalibo.brickgame.game.snake.MapTest"/>
  <testcase name="testLoadingMap" time="0.001" classname="com.github.vitalibo.brickgame.game.snake.MapTest"/>
  <testcase name="testLoadingMap" time="0.001" classname="com.github.vitalibo.brickgame.game.snake.MapTest"/>
  <testcase name="testLoadingMap" time="0.000" classname="com.github.vitalibo.brickgame.game.snake.MapTest"/>
  <testcase name="testLoadingMap" time="0.001" classname="com.github.vitalibo.brickgame.game.snake.MapTest"/>
  <testcase name="testLoadingMap" time="0.000" classname="com.github.vitalibo.brickgame.game.snake.MapTest"/>
  <testcase name="testLoadingMap" time="0.001" classname="com.github.vitalibo.brickgame.game.snake.MapTest"/>
  <testcase name="testLoadingMap" time="0.002" classname="com.github.vitalibo.brickgame.game.snake.MapTest"/>
  <testcase name="testLoadingMap" time="0.001" classname="com.github.vitalibo.brickgame.game.snake.MapTest"/>
  <testcase name="testLoadingMap" time="0.001" classname="com.github.vitalibo.brickgame.game.snake.MapTest"/>
  <testcase name="testLoadingMap" time="0.002" classname="com.github.vitalibo.brickgame.game.snake.MapTest"/>
  <testcase name="testCrashOnBorder" time="0.001" classname="com.github.vitalibo.brickgame.game.snake.MapTest"/>
  <testcase name="testLoadingMap" time="0.002" classname="com.github.vitalibo.brickgame.game.snake.MapTest"/>
  <testcase name="testVerifyPassed" time="0.000" classname="com.github.vitalibo.brickgame.game.snake.MapTest"/>
  <testcase name="testCrashOnBorder" time="0.001" classname="com.github.vitalibo.brickgame.game.snake.MapTest"/>
  <testcase name="testVerifyPassed" time="0.001" classname="com.github.vitalibo.brickgame.game.snake.MapTest"/>
  <testcase name="testVerifyPassed" time="0.000" classname="com.github.vitalibo.brickgame.game.snake.MapTest"/>
  <testcase name="testCrashOnBorder" time="0.001" classname="com.github.vitalibo.brickgame.game.snake.MapTest"/>
  <testcase name="testLoadingMap" time="0.001" classname="com.github.vitalibo.brickgame.game.snake.MapTest"/>
</testsuite> <!-- com.github.vitalibo.brickgame.game.snake.MapTest -->
