<?xml version="1.0" encoding="UTF-8"?>
<!-- Generated by org.testng.reporters.JUnitReportReporter -->
<testsuite hostname="Kaneshô1924" name="com.github.vitalibo.brickgame.game.ShapeTest" tests="2" failures="0" timestamp="22 Apr 2024 09:34:12 GMT" time="0.000" errors="0">
  <testcase name="testShapeEquals" time="0.000" classname="com.github.vitalibo.brickgame.game.ShapeTest"/>
  <testcase name="testShapeEquals" time="0.000" classname="com.github.vitalibo.brickgame.game.ShapeTest"/>
</testsuite> <!-- com.github.vitalibo.brickgame.game.ShapeTest -->
