<?xml version="1.0" encoding="UTF-8"?>
<!-- Generated by org.testng.reporters.JUnitReportReporter -->
<testsuite hostname="Kaneshô1924" name="com.github.vitalibo.brickgame.game.LifeTest" tests="7" failures="0" timestamp="22 Apr 2024 09:34:12 GMT" time="0.012" errors="0">
  <testcase name="testRepaint" time="0.008" classname="com.github.vitalibo.brickgame.game.LifeTest"/>
  <testcase name="testRepaint" time="0.000" classname="com.github.vitalibo.brickgame.game.LifeTest"/>
  <testcase name="testRepaint" time="0.001" classname="com.github.vitalibo.brickgame.game.LifeTest"/>
  <testcase name="testRepaint" time="0.001" classname="com.github.vitalibo.brickgame.game.LifeTest"/>
  <testcase name="testRepaint" time="0.000" classname="com.github.vitalibo.brickgame.game.LifeTest"/>
  <testcase name="cleanUp" time="0.001" classname="com.github.vitalibo.brickgame.game.LifeTest"/>
  <testcase name="testNotRepaint" time="0.001" classname="com.github.vitalibo.brickgame.game.LifeTest"/>
</testsuite> <!-- com.github.vitalibo.brickgame.game.LifeTest -->
