<?xml version="1.0" encoding="UTF-8"?>
<!-- Generated by org.testng.reporters.JUnitReportReporter -->
<testsuite hostname="Kaneshô1924" name="com.github.vitalibo.brickgame.game.tanks.BattlefieldTest" tests="4" failures="0" timestamp="22 Apr 2024 09:34:12 GMT" time="0.006" errors="0">
  <testcase name="testCanDoLeft" time="0.000" classname="com.github.vitalibo.brickgame.game.tanks.BattlefieldTest"/>
  <testcase name="testCanDoRight" time="0.001" classname="com.github.vitalibo.brickgame.game.tanks.BattlefieldTest"/>
  <testcase name="testCanDoDown" time="0.005" classname="com.github.vitalibo.brickgame.game.tanks.BattlefieldTest"/>
  <testcase name="testCanDoUp" time="0.000" classname="com.github.vitalibo.brickgame.game.tanks.BattlefieldTest"/>
</testsuite> <!-- com.github.vitalibo.brickgame.game.tanks.BattlefieldTest -->
