<?xml version="1.0" encoding="UTF-8"?>
<!-- Generated by org.testng.reporters.JUnitReportReporter -->
<testsuite hostname="Kaneshô1924" name="com.github.vitalibo.brickgame.core.ui.NumberPanelTest" tests="8" failures="0" timestamp="22 Apr 2024 09:34:12 GMT" time="0.005" errors="0">
  <testcase name="testOverflowValue" time="0.000" classname="com.github.vitalibo.brickgame.core.ui.NumberPanelTest"/>
  <testcase name="testDigitSequence" time="0.000" classname="com.github.vitalibo.brickgame.core.ui.NumberPanelTest"/>
  <testcase name="testSetIllegalValue" time="0.000" classname="com.github.vitalibo.brickgame.core.ui.NumberPanelTest"/>
  <testcase name="testDigitSequence" time="0.004" classname="com.github.vitalibo.brickgame.core.ui.NumberPanelTest"/>
  <testcase name="testDigitSequence" time="0.000" classname="com.github.vitalibo.brickgame.core.ui.NumberPanelTest"/>
  <testcase name="testOverflowValue" time="0.000" classname="com.github.vitalibo.brickgame.core.ui.NumberPanelTest"/>
  <testcase name="testOverflowValue" time="0.000" classname="com.github.vitalibo.brickgame.core.ui.NumberPanelTest"/>
  <testcase name="testOverflowValue" time="0.001" classname="com.github.vitalibo.brickgame.core.ui.NumberPanelTest"/>
</testsuite> <!-- com.github.vitalibo.brickgame.core.ui.NumberPanelTest -->
