<?xml version="1.0" encoding="UTF-8"?>
<!-- Generated by org.testng.reporters.JUnitReportReporter -->
<testsuite hostname="Kaneshô1924" name="com.github.vitalibo.brickgame.game.shoot.ArmyTest" tests="4" failures="0" timestamp="22 Apr 2024 09:34:12 GMT" time="0.003" errors="0">
  <testcase name="testHasWin" time="0.001" classname="com.github.vitalibo.brickgame.game.shoot.ArmyTest"/>
  <testcase name="testKillEnemy" time="0.000" classname="com.github.vitalibo.brickgame.game.shoot.ArmyTest"/>
  <testcase name="testHasNotWin" time="0.001" classname="com.github.vitalibo.brickgame.game.shoot.ArmyTest"/>
  <testcase name="testMakeAttack" time="0.001" classname="com.github.vitalibo.brickgame.game.shoot.ArmyTest"/>
</testsuite> <!-- com.github.vitalibo.brickgame.game.shoot.ArmyTest -->
