<?xml version="1.0" encoding="UTF-8"?>
<!-- Generated by org.testng.reporters.JUnitReportReporter -->
<testsuite hostname="Kaneshô1924" name="com.github.vitalibo.brickgame.core.ui.IconPanelTest" tests="4" failures="0" timestamp="22 Apr 2024 09:34:12 GMT" time="0.028" errors="0">
  <testcase name="testNotRepaint" time="0.010" classname="com.github.vitalibo.brickgame.core.ui.IconPanelTest"/>
  <testcase name="testNotRepaint" time="0.007" classname="com.github.vitalibo.brickgame.core.ui.IconPanelTest"/>
  <testcase name="testRepaint" time="0.005" classname="com.github.vitalibo.brickgame.core.ui.IconPanelTest"/>
  <testcase name="testRepaint" time="0.006" classname="com.github.vitalibo.brickgame.core.ui.IconPanelTest"/>
</testsuite> <!-- com.github.vitalibo.brickgame.core.ui.IconPanelTest -->
