<?xml version="1.0" encoding="UTF-8"?>
<!-- Generated by org.testng.reporters.JUnitReportReporter -->
<testsuite hostname="Kaneshô1924" name="com.github.vitalibo.brickgame.game.snake.MouseTest" tests="22" failures="0" timestamp="22 Apr 2024 09:34:12 GMT" time="0.015" errors="0">
  <testcase name="testNextPoint" time="0.003" classname="com.github.vitalibo.brickgame.game.snake.MouseTest"/>
  <testcase name="testNextPoint" time="0.003" classname="com.github.vitalibo.brickgame.game.snake.MouseTest"/>
  <testcase name="testNextPoint" time="0.000" classname="com.github.vitalibo.brickgame.game.snake.MouseTest"/>
  <testcase name="testNextPoint" time="0.000" classname="com.github.vitalibo.brickgame.game.snake.MouseTest"/>
  <testcase name="testNextPoint" time="0.000" classname="com.github.vitalibo.brickgame.game.snake.MouseTest"/>
  <testcase name="testNextPoint" time="0.000" classname="com.github.vitalibo.brickgame.game.snake.MouseTest"/>
  <testcase name="testEatMouse" time="0.000" classname="com.github.vitalibo.brickgame.game.snake.MouseTest"/>
  <testcase name="testStream" time="0.000" classname="com.github.vitalibo.brickgame.game.snake.MouseTest"/>
  <testcase name="testNextPoint" time="0.001" classname="com.github.vitalibo.brickgame.game.snake.MouseTest"/>
  <testcase name="testNextPoint" time="0.000" classname="com.github.vitalibo.brickgame.game.snake.MouseTest"/>
  <testcase name="testNextPoint" time="0.001" classname="com.github.vitalibo.brickgame.game.snake.MouseTest"/>
  <testcase name="testNextPoint" time="0.000" classname="com.github.vitalibo.brickgame.game.snake.MouseTest"/>
  <testcase name="testNextPoint" time="0.000" classname="com.github.vitalibo.brickgame.game.snake.MouseTest"/>
  <testcase name="testNextPoint" time="0.000" classname="com.github.vitalibo.brickgame.game.snake.MouseTest"/>
  <testcase name="testNextPoint" time="0.001" classname="com.github.vitalibo.brickgame.game.snake.MouseTest"/>
  <testcase name="testNextPoint" time="0.002" classname="com.github.vitalibo.brickgame.game.snake.MouseTest"/>
  <testcase name="testNextPoint" time="0.000" classname="com.github.vitalibo.brickgame.game.snake.MouseTest"/>
  <testcase name="testNextPoint" time="0.000" classname="com.github.vitalibo.brickgame.game.snake.MouseTest"/>
  <testcase name="testNextPoint" time="0.000" classname="com.github.vitalibo.brickgame.game.snake.MouseTest"/>
  <testcase name="testNextPoint" time="0.001" classname="com.github.vitalibo.brickgame.game.snake.MouseTest"/>
  <testcase name="testNextPoint" time="0.000" classname="com.github.vitalibo.brickgame.game.snake.MouseTest"/>
  <testcase name="testNextPoint" time="0.003" classname="com.github.vitalibo.brickgame.game.snake.MouseTest"/>
</testsuite> <!-- com.github.vitalibo.brickgame.game.snake.MouseTest -->
