<?xml version="1.0" encoding="UTF-8"?>
<!-- Generated by org.testng.reporters.JUnitReportReporter -->
<testsuite hostname="Kaneshô1924" name="com.github.vitalibo.brickgame.core.CountdownJobTest" tests="1" failures="0" timestamp="22 Apr 2024 09:34:12 GMT" time="1.007" errors="0">
  <testcase name="testCountdown" time="1.007" classname="com.github.vitalibo.brickgame.core.CountdownJobTest"/>
</testsuite> <!-- com.github.vitalibo.brickgame.core.CountdownJobTest -->
