<?xml version="1.0" encoding="UTF-8"?>
<!-- Generated by org.testng.reporters.JUnitReportReporter -->
<testsuite hostname="Kaneshô1924" name="com.github.vitalibo.brickgame.game.tetris.BoardTest" tests="8" failures="0" timestamp="22 Apr 2024 09:34:12 GMT" time="0.014" errors="0">
  <testcase name="testVerify" time="0.001" classname="com.github.vitalibo.brickgame.game.tetris.BoardTest"/>
  <testcase name="testInit" time="0.002" classname="com.github.vitalibo.brickgame.game.tetris.BoardTest"/>
  <testcase name="testCleanUp" time="0.003" classname="com.github.vitalibo.brickgame.game.tetris.BoardTest"/>
  <testcase name="testIsFull" time="0.001" classname="com.github.vitalibo.brickgame.game.tetris.BoardTest"/>
  <testcase name="testAdd" time="0.006" classname="com.github.vitalibo.brickgame.game.tetris.BoardTest"/>
  <testcase name="testInit" time="0.001" classname="com.github.vitalibo.brickgame.game.tetris.BoardTest"/>
  <testcase name="testInit" time="0.000" classname="com.github.vitalibo.brickgame.game.tetris.BoardTest"/>
  <testcase name="testInit" time="0.000" classname="com.github.vitalibo.brickgame.game.tetris.BoardTest"/>
</testsuite> <!-- com.github.vitalibo.brickgame.game.tetris.BoardTest -->
