<?xml version="1.0" encoding="UTF-8"?>
<!-- Generated by org.testng.reporters.JUnitReportReporter -->
<testsuite hostname="Kaneshô1924" name="com.github.vitalibo.brickgame.core.ui.BrickPanelTest" tests="51" failures="0" timestamp="22 Apr 2024 09:34:12 GMT" time="0.236" errors="0">
  <testcase name="testDraw" time="0.003" classname="com.github.vitalibo.brickgame.core.ui.BrickPanelTest"/>
  <testcase name="testDraw" time="0.005" classname="com.github.vitalibo.brickgame.core.ui.BrickPanelTest"/>
  <testcase name="testDraw" time="0.001" classname="com.github.vitalibo.brickgame.core.ui.BrickPanelTest"/>
  <testcase name="testDraw" time="0.007" classname="com.github.vitalibo.brickgame.core.ui.BrickPanelTest"/>
  <testcase name="testDraw" time="0.002" classname="com.github.vitalibo.brickgame.core.ui.BrickPanelTest"/>
  <testcase name="testDraw" time="0.003" classname="com.github.vitalibo.brickgame.core.ui.BrickPanelTest"/>
  <testcase name="testDraw" time="0.001" classname="com.github.vitalibo.brickgame.core.ui.BrickPanelTest"/>
  <testcase name="testDraw" time="0.004" classname="com.github.vitalibo.brickgame.core.ui.BrickPanelTest"/>
  <testcase name="testDraw" time="0.002" classname="com.github.vitalibo.brickgame.core.ui.BrickPanelTest"/>
  <testcase name="testDraw" time="0.005" classname="com.github.vitalibo.brickgame.core.ui.BrickPanelTest"/>
  <testcase name="testDraw" time="0.005" classname="com.github.vitalibo.brickgame.core.ui.BrickPanelTest"/>
  <testcase name="testDraw" time="0.002" classname="com.github.vitalibo.brickgame.core.ui.BrickPanelTest"/>
  <testcase name="testDraw" time="0.003" classname="com.github.vitalibo.brickgame.core.ui.BrickPanelTest"/>
  <testcase name="testDraw" time="0.001" classname="com.github.vitalibo.brickgame.core.ui.BrickPanelTest"/>
  <testcase name="testDraw" time="0.003" classname="com.github.vitalibo.brickgame.core.ui.BrickPanelTest"/>
  <testcase name="testDraw" time="0.002" classname="com.github.vitalibo.brickgame.core.ui.BrickPanelTest"/>
  <testcase name="testDraw" time="0.065" classname="com.github.vitalibo.brickgame.core.ui.BrickPanelTest"/>
  <testcase name="testDraw" time="0.001" classname="com.github.vitalibo.brickgame.core.ui.BrickPanelTest"/>
  <testcase name="testDraw" time="0.004" classname="com.github.vitalibo.brickgame.core.ui.BrickPanelTest"/>
  <testcase name="testBrickSize" time="0.008" classname="com.github.vitalibo.brickgame.core.ui.BrickPanelTest"/>
  <testcase name="testDraw" time="0.003" classname="com.github.vitalibo.brickgame.core.ui.BrickPanelTest"/>
  <testcase name="testDraw" time="0.001" classname="com.github.vitalibo.brickgame.core.ui.BrickPanelTest"/>
  <testcase name="testDraw" time="0.001" classname="com.github.vitalibo.brickgame.core.ui.BrickPanelTest"/>
  <testcase name="testDraw" time="0.000" classname="com.github.vitalibo.brickgame.core.ui.BrickPanelTest"/>
  <testcase name="testDraw" time="0.001" classname="com.github.vitalibo.brickgame.core.ui.BrickPanelTest"/>
  <testcase name="testDraw" time="0.002" classname="com.github.vitalibo.brickgame.core.ui.BrickPanelTest"/>
  <testcase name="testDraw" time="0.002" classname="com.github.vitalibo.brickgame.core.ui.BrickPanelTest"/>
  <testcase name="testDraw" time="0.002" classname="com.github.vitalibo.brickgame.core.ui.BrickPanelTest"/>
  <testcase name="testDraw" time="0.005" classname="com.github.vitalibo.brickgame.core.ui.BrickPanelTest"/>
  <testcase name="testDraw" time="0.002" classname="com.github.vitalibo.brickgame.core.ui.BrickPanelTest"/>
  <testcase name="testDraw" time="0.002" classname="com.github.vitalibo.brickgame.core.ui.BrickPanelTest"/>
  <testcase name="testDraw" time="0.024" classname="com.github.vitalibo.brickgame.core.ui.BrickPanelTest"/>
  <testcase name="testDraw" time="0.002" classname="com.github.vitalibo.brickgame.core.ui.BrickPanelTest"/>
  <testcase name="testDraw" time="0.002" classname="com.github.vitalibo.brickgame.core.ui.BrickPanelTest"/>
  <testcase name="testDraw" time="0.008" classname="com.github.vitalibo.brickgame.core.ui.BrickPanelTest"/>
  <testcase name="testDraw" time="0.001" classname="com.github.vitalibo.brickgame.core.ui.BrickPanelTest"/>
  <testcase name="testDraw" time="0.002" classname="com.github.vitalibo.brickgame.core.ui.BrickPanelTest"/>
  <testcase name="testDraw" time="0.002" classname="com.github.vitalibo.brickgame.core.ui.BrickPanelTest"/>
  <testcase name="testDraw" time="0.003" classname="com.github.vitalibo.brickgame.core.ui.BrickPanelTest"/>
  <testcase name="testDraw" time="0.004" classname="com.github.vitalibo.brickgame.core.ui.BrickPanelTest"/>
  <testcase name="testDraw" time="0.006" classname="com.github.vitalibo.brickgame.core.ui.BrickPanelTest"/>
  <testcase name="testDraw" time="0.005" classname="com.github.vitalibo.brickgame.core.ui.BrickPanelTest"/>
  <testcase name="testDraw" time="0.003" classname="com.github.vitalibo.brickgame.core.ui.BrickPanelTest"/>
  <testcase name="testDraw" time="0.002" classname="com.github.vitalibo.brickgame.core.ui.BrickPanelTest"/>
  <testcase name="testDraw" time="0.003" classname="com.github.vitalibo.brickgame.core.ui.BrickPanelTest"/>
  <testcase name="testDraw" time="0.003" classname="com.github.vitalibo.brickgame.core.ui.BrickPanelTest"/>
  <testcase name="testDraw" time="0.002" classname="com.github.vitalibo.brickgame.core.ui.BrickPanelTest"/>
  <testcase name="testDraw" time="0.002" classname="com.github.vitalibo.brickgame.core.ui.BrickPanelTest"/>
  <testcase name="testDraw" time="0.009" classname="com.github.vitalibo.brickgame.core.ui.BrickPanelTest"/>
  <testcase name="testDraw" time="0.003" classname="com.github.vitalibo.brickgame.core.ui.BrickPanelTest"/>
  <testcase name="testDraw" time="0.002" classname="com.github.vitalibo.brickgame.core.ui.BrickPanelTest"/>
</testsuite> <!-- com.github.vitalibo.brickgame.core.ui.BrickPanelTest -->
