<?xml version="1.0" encoding="UTF-8"?>
<!-- Generated by org.testng.reporters.JUnitReportReporter -->
<testsuite hostname="Kaneshô1924" name="com.github.vitalibo.brickgame.core.ui.BrickTest" tests="4" failures="0" timestamp="22 Apr 2024 09:34:12 GMT" time="0.719" errors="0">
  <testcase name="testPaintState" time="0.051" classname="com.github.vitalibo.brickgame.core.ui.BrickTest"/>
  <testcase name="testPaintState" time="0.000" classname="com.github.vitalibo.brickgame.core.ui.BrickTest"/>
  <testcase name="testNotRepaint" time="0.668" classname="com.github.vitalibo.brickgame.core.ui.BrickTest"/>
  <testcase name="testRepaint" time="0.000" classname="com.github.vitalibo.brickgame.core.ui.BrickTest"/>
</testsuite> <!-- com.github.vitalibo.brickgame.core.ui.BrickTest -->
